1 14490772
2 19013267
4 14481117
8 16259555
16384 14788158
16384 14855930
16384 14928349
1 14605205
1 14510060
1 14506314
4 13284111
1 14698025
2 18745116
4 13926188
1 15268302
8 16214245
4 13807803
1 15716560
2 20464878
4 13931367
1 14521631
2 19111668
4 14039438
8 16105271
16 16228401
8 16266188
8 9433950
1 16347913
2 19905192
16384 2924262
16384 2953159
16384 2963926
16384 2940520
4096 2311542
1024 2201904
512 2220143
8 9041162
1 16251476
8 8858603
4 11767479
2 19677789
1 15619380
4096 2322491
4096 2341446
256 2262693
512 2214711
512 2178761
64 2556404
64 2707994
64 2631938
8 10380146
1024 2283453
8 9288219
512 2278570
16384 2950235
512 2266450
8 10605357
4 12109373
8 8257542
512 1956407
1 13323349
2 17734198
4 11716111
512 1957549
512 2199803
8 10280440
8 10217597
16384 2879701
16384 3007661
16384 2673805
16384 3018293
512 2324774
512 2569322
8 9715441
1 16426682
2 20252494
4 13018750
8 9649816
16 5659613
32 3101514
64 2849538
128 2364275
256 2275039
512 2218263
1024 2243650
2048 2240758
4096 2320944
8192 2570440
16384 2958619
